  S_Acceptor.cpp
  S_Core.cpp
c:\users\hyunj\desktop\c++\khj project\soket\lib\chat_lib\s_core.cpp(98): warning C4267: '인수': 'size_t'에서 'int'(으)로 변환하면서 데이터가 손실될 수 있습니다.
  S_DebugString.cpp
c:\users\hyunj\desktop\c++\khj project\soket\lib\chat_lib\s_debugstring.cpp(18): warning C4244: '초기화 중': 'LRESULT'에서 'int'(으)로 변환하면서 데이터가 손실될 수 있습니다.
  S_Input.cpp
  S_IOCP.cpp
  S_Lock.cpp
  S_Packet.cpp
c:\users\hyunj\desktop\c++\khj project\soket\lib\chat_lib\s_packet.cpp(114): warning C4267: '초기화 중': 'size_t'에서 'int'(으)로 변환하면서 데이터가 손실될 수 있습니다.
c:\users\hyunj\desktop\c++\khj project\soket\lib\chat_lib\s_packet.cpp(121): warning C4267: '초기화 중': 'size_t'에서 'int'(으)로 변환하면서 데이터가 손실될 수 있습니다.
  S_PacketPool.cpp
  S_Server.cpp
c:\users\hyunj\desktop\c++\khj project\soket\lib\chat_lib\s_server.cpp(27): warning C4267: '=': 'size_t'에서 'WORD'(으)로 변환하면서 데이터가 손실될 수 있습니다.
  S_StreamPacket.cpp
  S_SvrObj.cpp
  S_SvrUser.cpp
  S_Thread.cpp
c:\users\hyunj\desktop\c++\khj project\soket\lib\chat_lib\s_thread.cpp(19): warning C4244: '=': 'uintptr_t'에서 'unsigned int'(으)로 변환하면서 데이터가 손실될 수 있습니다.
c:\users\hyunj\desktop\c++\khj project\soket\lib\chat_lib\s_thread.cpp(35): warning C4312: '형식 캐스트': 'unsigned int'에서 더 큰 'HANDLE'(으)로의 변환입니다.
  S_Time.cpp
  S_Window.cpp
  S_WorkThread.cpp
  코드를 생성하고 있습니다...
c:\users\hyunj\desktop\c++\khj project\soket\lib\chat_lib\s_input.cpp(9): warning C4715: 'S_Input::StayKeydown': 모든 제어 경로에서 값을 반환하지는 않습니다.
c:\users\hyunj\desktop\c++\khj project\soket\lib\chat_lib\s_debugstring.cpp(36): warning C4172: 지역 변수 또는 임시: Msg의 주소를 반환하고 있습니다.
c:\users\hyunj\desktop\c++\khj project\soket\lib\chat_lib\s_debugstring.cpp(46): warning C4172: 지역 변수 또는 임시: Msg의 주소를 반환하고 있습니다.
C:\Program Files (x86)\Microsoft Visual Studio\2017\Community\Common7\IDE\VC\VCTargets\Microsoft.CppBuild.targets(1386,5): warning MSB8012: TargetPath(C:\Users\hyunj\Desktop\c++\KHJ Project\Soket\Lib\Chat_Lib\../../output/Chat_lib/Chat_Lib.lib)이(가) Library의 OutputFile 속성 값(C:\Users\hyunj\Desktop\c++\KHJ Project\Soket\Lib\Chat_Lib\Chat_Lib.lib)과 일치하지 않습니다. 이로 인해 프로젝트가 잘못 빌드될 수 있습니다. 이를 수정하려면 $(OutDir), $(TargetName) 및 $(TargetExt) 속성 값이 %(Lib.OutputFile)에 지정된 값과 일치해야 합니다.
  Chat_Lib.vcxproj -> C:\Users\hyunj\Desktop\c++\KHJ Project\Soket\Lib\Chat_Lib\../../output/Chat_lib/Chat_Lib.lib
  S_Acceptor.h
  S_Core.h
  S_DebugString.h
  S_header.h
  S_Input.h
  S_IOCP.h
  S_Lock.h
  S_Packet.h
  S_PacketPool.h
  S_Protocol.h
  S_Server.h
  S_Std.h
  S_StreamPacket.h
  S_SvrObj.h
  S_SvrUser.h
  S_Thread.h
  S_Time.h
  S_Window.h
  S_WorkThread.h
         19개 파일이 복사되었습니다.
  Chat_Lib.lib
          1개 파일이 복사되었습니다.
