  Sample.cpp
c:\users\김현진\desktop\khj\00_c_lang\region\tregion.h(25): error C4430: 형식 지정자가 없습니다. int로 가정합니다. 참고: C++에서는 기본 int를 지원하지 않습니다.
c:\users\김현진\desktop\khj\00_c_lang\region\tregion.h(25): error C2143: 구문 오류: ';'이(가) '&' 앞에 없습니다.
c:\users\김현진\desktop\khj\00_c_lang\region\tregion.h(25): error C2334: '{' 앞에 예기치 않은 토큰이 있습니다. 명백한 함수 본문을 건너뜁니다.
c:\users\김현진\desktop\khj\00_c_lang\region\tregion.h(39): error C2059: 구문 오류: ')'
c:\users\김현진\desktop\khj\00_c_lang\region\tregion.h(39): error C2143: 구문 오류: ')'이(가) ';' 앞에 없습니다.
c:\users\김현진\desktop\khj\00_c_lang\region\sample.cpp(10): error C2039: 'GetRef': 'TRegion'의 멤버가 아닙니다.
  c:\users\김현진\desktop\khj\00_c_lang\region\tregion.h(9): note: 'TRegion' 선언을 참조하십시오.
c:\users\김현진\desktop\khj\00_c_lang\region\sample.cpp(10): error C2530: 'x2': 참조를 초기화해야 합니다.
  TRegion.cpp
c:\users\김현진\desktop\khj\00_c_lang\region\tregion.h(25): error C4430: 형식 지정자가 없습니다. int로 가정합니다. 참고: C++에서는 기본 int를 지원하지 않습니다.
c:\users\김현진\desktop\khj\00_c_lang\region\tregion.h(25): error C2143: 구문 오류: ';'이(가) '&' 앞에 없습니다.
c:\users\김현진\desktop\khj\00_c_lang\region\tregion.h(25): error C2334: '{' 앞에 예기치 않은 토큰이 있습니다. 명백한 함수 본문을 건너뜁니다.
c:\users\김현진\desktop\khj\00_c_lang\region\tregion.h(39): error C2059: 구문 오류: ')'
c:\users\김현진\desktop\khj\00_c_lang\region\tregion.h(39): error C2143: 구문 오류: ')'이(가) ';' 앞에 없습니다.
c:\users\김현진\desktop\khj\00_c_lang\region\tregion.cpp(6): error C2789: 'TRegion::Tregion': const 한정 형식의 개체를 초기화해야 합니다.
  c:\users\김현진\desktop\khj\00_c_lang\region\tregion.h(25): note: 'TRegion::Tregion' 선언을 참조하십시오.
c:\users\김현진\desktop\khj\00_c_lang\region\tregion.cpp(10): error C2789: 'TRegion::Tregion': const 한정 형식의 개체를 초기화해야 합니다.
  c:\users\김현진\desktop\khj\00_c_lang\region\tregion.h(25): note: 'TRegion::Tregion' 선언을 참조하십시오.
  코드를 생성하고 있습니다...
