  SAcceptor.cpp
c:\users\hyunj\desktop\c언어 프로그램\khj project\soket\lib\ssvrlib\ssingleton.h(4): error C2143: 구문 오류: ';'이(가) '<' 앞에 없습니다.
c:\users\hyunj\desktop\c언어 프로그램\khj project\soket\lib\ssvrlib\ssingleton.h(4): error C4430: 형식 지정자가 없습니다. int로 가정합니다. 참고: C++에서는 기본 int를 지원하지 않습니다.
c:\users\hyunj\desktop\c언어 프로그램\khj project\soket\lib\ssvrlib\ssingleton.h(5): error C2059: 구문 오류: '<'
c:\users\hyunj\desktop\c언어 프로그램\khj project\soket\lib\ssvrlib\slock.h(6): error C2143: 구문 오류: ';'이(가) '*' 앞에 없습니다.
c:\users\hyunj\desktop\c언어 프로그램\khj project\soket\lib\ssvrlib\slock.h(6): error C4430: 형식 지정자가 없습니다. int로 가정합니다. 참고: C++에서는 기본 int를 지원하지 않습니다.
c:\users\hyunj\desktop\c언어 프로그램\khj project\soket\lib\ssvrlib\slock.h(6): error C2238: ';' 앞에 예기치 않은 토큰이 있습니다.
c:\users\hyunj\desktop\c언어 프로그램\khj project\soket\lib\ssvrlib\slock.h(8): error C2061: 구문 오류: 식별자 'SServerObj'
  SDebugString.cpp
c:\users\hyunj\desktop\c언어 프로그램\khj project\soket\lib\ssvrlib\ssingleton.h(4): error C2143: 구문 오류: ';'이(가) '<' 앞에 없습니다.
c:\users\hyunj\desktop\c언어 프로그램\khj project\soket\lib\ssvrlib\ssingleton.h(4): error C4430: 형식 지정자가 없습니다. int로 가정합니다. 참고: C++에서는 기본 int를 지원하지 않습니다.
c:\users\hyunj\desktop\c언어 프로그램\khj project\soket\lib\ssvrlib\ssingleton.h(5): error C2059: 구문 오류: '<'
c:\users\hyunj\desktop\c언어 프로그램\khj project\soket\lib\ssvrlib\slock.h(6): error C2143: 구문 오류: ';'이(가) '*' 앞에 없습니다.
c:\users\hyunj\desktop\c언어 프로그램\khj project\soket\lib\ssvrlib\slock.h(6): error C4430: 형식 지정자가 없습니다. int로 가정합니다. 참고: C++에서는 기본 int를 지원하지 않습니다.
c:\users\hyunj\desktop\c언어 프로그램\khj project\soket\lib\ssvrlib\slock.h(6): error C2238: ';' 앞에 예기치 않은 토큰이 있습니다.
c:\users\hyunj\desktop\c언어 프로그램\khj project\soket\lib\ssvrlib\slock.h(8): error C2061: 구문 오류: 식별자 'SServerObj'
c:\users\hyunj\desktop\c언어 프로그램\khj project\soket\lib\ssvrlib\sdebugstring.cpp(16): error C2664: 'SLock::SLock(const SLock &)': 인수 1을(를) 'SDebugString *'에서 'const SLock &'(으)로 변환할 수 없습니다.
  c:\users\hyunj\desktop\c언어 프로그램\khj project\soket\lib\ssvrlib\sdebugstring.cpp(16): note: 원인: 'SDebugString *'에서 'const SLock'(으)로 변환할 수 없습니다.
  c:\users\hyunj\desktop\c언어 프로그램\khj project\soket\lib\ssvrlib\sdebugstring.cpp(16): note: 소스 형식을 가져올 수 있는 생성자가 없거나 생성자 오버로드 확인이 모호합니다.
c:\users\hyunj\desktop\c언어 프로그램\khj project\soket\lib\ssvrlib\sdebugstring.cpp(34): error C2664: 'SLock::SLock(const SLock &)': 인수 1을(를) 'SDebugString *'에서 'const SLock &'(으)로 변환할 수 없습니다.
  c:\users\hyunj\desktop\c언어 프로그램\khj project\soket\lib\ssvrlib\sdebugstring.cpp(34): note: 원인: 'SDebugString *'에서 'const SLock'(으)로 변환할 수 없습니다.
  c:\users\hyunj\desktop\c언어 프로그램\khj project\soket\lib\ssvrlib\sdebugstring.cpp(34): note: 소스 형식을 가져올 수 있는 생성자가 없거나 생성자 오버로드 확인이 모호합니다.
c:\users\hyunj\desktop\c언어 프로그램\khj project\soket\lib\ssvrlib\sdebugstring.cpp(61): error C2664: 'SLock::SLock(const SLock &)': 인수 1을(를) 'SDebugString *'에서 'const SLock &'(으)로 변환할 수 없습니다.
  c:\users\hyunj\desktop\c언어 프로그램\khj project\soket\lib\ssvrlib\sdebugstring.cpp(61): note: 원인: 'SDebugString *'에서 'const SLock'(으)로 변환할 수 없습니다.
  c:\users\hyunj\desktop\c언어 프로그램\khj project\soket\lib\ssvrlib\sdebugstring.cpp(61): note: 소스 형식을 가져올 수 있는 생성자가 없거나 생성자 오버로드 확인이 모호합니다.
c:\users\hyunj\desktop\c언어 프로그램\khj project\soket\lib\ssvrlib\sdebugstring.cpp(72): error C2664: 'SLock::SLock(const SLock &)': 인수 1을(를) 'SDebugString *'에서 'const SLock &'(으)로 변환할 수 없습니다.
  c:\users\hyunj\desktop\c언어 프로그램\khj project\soket\lib\ssvrlib\sdebugstring.cpp(72): note: 원인: 'SDebugString *'에서 'const SLock'(으)로 변환할 수 없습니다.
  c:\users\hyunj\desktop\c언어 프로그램\khj project\soket\lib\ssvrlib\sdebugstring.cpp(72): note: 소스 형식을 가져올 수 있는 생성자가 없거나 생성자 오버로드 확인이 모호합니다.
c:\users\hyunj\desktop\c언어 프로그램\khj project\soket\lib\ssvrlib\sdebugstring.cpp(88): error C2664: 'SLock::SLock(const SLock &)': 인수 1을(를) 'SDebugString *'에서 'const SLock &'(으)로 변환할 수 없습니다.
  c:\users\hyunj\desktop\c언어 프로그램\khj project\soket\lib\ssvrlib\sdebugstring.cpp(88): note: 원인: 'SDebugString *'에서 'const SLock'(으)로 변환할 수 없습니다.
  c:\users\hyunj\desktop\c언어 프로그램\khj project\soket\lib\ssvrlib\sdebugstring.cpp(88): note: 소스 형식을 가져올 수 있는 생성자가 없거나 생성자 오버로드 확인이 모호합니다.
c:\users\hyunj\desktop\c언어 프로그램\khj project\soket\lib\ssvrlib\sdebugstring.cpp(98): error C2664: 'SLock::SLock(const SLock &)': 인수 1을(를) 'SDebugString *'에서 'const SLock &'(으)로 변환할 수 없습니다.
  c:\users\hyunj\desktop\c언어 프로그램\khj project\soket\lib\ssvrlib\sdebugstring.cpp(98): note: 원인: 'SDebugString *'에서 'const SLock'(으)로 변환할 수 없습니다.
  c:\users\hyunj\desktop\c언어 프로그램\khj project\soket\lib\ssvrlib\sdebugstring.cpp(98): note: 소스 형식을 가져올 수 있는 생성자가 없거나 생성자 오버로드 확인이 모호합니다.
  SLock.cpp
c:\users\hyunj\desktop\c언어 프로그램\khj project\soket\lib\ssvrlib\ssingleton.h(4): error C2143: 구문 오류: ';'이(가) '<' 앞에 없습니다.
c:\users\hyunj\desktop\c언어 프로그램\khj project\soket\lib\ssvrlib\ssingleton.h(4): error C4430: 형식 지정자가 없습니다. int로 가정합니다. 참고: C++에서는 기본 int를 지원하지 않습니다.
c:\users\hyunj\desktop\c언어 프로그램\khj project\soket\lib\ssvrlib\ssingleton.h(5): error C2059: 구문 오류: '<'
  SPacketPool.cpp
c:\users\hyunj\desktop\c언어 프로그램\khj project\soket\lib\ssvrlib\ssingleton.h(4): error C2143: 구문 오류: ';'이(가) '<' 앞에 없습니다.
c:\users\hyunj\desktop\c언어 프로그램\khj project\soket\lib\ssvrlib\ssingleton.h(4): error C4430: 형식 지정자가 없습니다. int로 가정합니다. 참고: C++에서는 기본 int를 지원하지 않습니다.
c:\users\hyunj\desktop\c언어 프로그램\khj project\soket\lib\ssvrlib\ssingleton.h(5): error C2059: 구문 오류: '<'
c:\users\hyunj\desktop\c언어 프로그램\khj project\soket\lib\ssvrlib\slock.h(6): error C2143: 구문 오류: ';'이(가) '*' 앞에 없습니다.
c:\users\hyunj\desktop\c언어 프로그램\khj project\soket\lib\ssvrlib\slock.h(6): error C4430: 형식 지정자가 없습니다. int로 가정합니다. 참고: C++에서는 기본 int를 지원하지 않습니다.
c:\users\hyunj\desktop\c언어 프로그램\khj project\soket\lib\ssvrlib\slock.h(6): error C2238: ';' 앞에 예기치 않은 토큰이 있습니다.
c:\users\hyunj\desktop\c언어 프로그램\khj project\soket\lib\ssvrlib\slock.h(8): error C2061: 구문 오류: 식별자 'SServerObj'
c:\users\hyunj\desktop\c언어 프로그램\khj project\soket\lib\ssvrlib\spacketpool.cpp(6): error C2664: 'SLock::SLock(const SLock &)': 인수 1을(를) 'SPacketPool *'에서 'const SLock &'(으)로 변환할 수 없습니다.
  c:\users\hyunj\desktop\c언어 프로그램\khj project\soket\lib\ssvrlib\spacketpool.cpp(6): note: 원인: 'SPacketPool *'에서 'const SLock'(으)로 변환할 수 없습니다.
  c:\users\hyunj\desktop\c언어 프로그램\khj project\soket\lib\ssvrlib\spacketpool.cpp(6): note: 소스 형식을 가져올 수 있는 생성자가 없거나 생성자 오버로드 확인이 모호합니다.
c:\users\hyunj\desktop\c언어 프로그램\khj project\soket\lib\ssvrlib\spacketpool.cpp(16): error C2664: 'SLock::SLock(const SLock &)': 인수 1을(를) 'SPacketPool *'에서 'const SLock &'(으)로 변환할 수 없습니다.
  c:\users\hyunj\desktop\c언어 프로그램\khj project\soket\lib\ssvrlib\spacketpool.cpp(16): note: 원인: 'SPacketPool *'에서 'const SLock'(으)로 변환할 수 없습니다.
  c:\users\hyunj\desktop\c언어 프로그램\khj project\soket\lib\ssvrlib\spacketpool.cpp(16): note: 소스 형식을 가져올 수 있는 생성자가 없거나 생성자 오버로드 확인이 모호합니다.
  SServer.cpp
c:\users\hyunj\desktop\c언어 프로그램\khj project\soket\lib\ssvrlib\ssingleton.h(4): error C2143: 구문 오류: ';'이(가) '<' 앞에 없습니다.
c:\users\hyunj\desktop\c언어 프로그램\khj project\soket\lib\ssvrlib\ssingleton.h(4): error C4430: 형식 지정자가 없습니다. int로 가정합니다. 참고: C++에서는 기본 int를 지원하지 않습니다.
c:\users\hyunj\desktop\c언어 프로그램\khj project\soket\lib\ssvrlib\ssingleton.h(5): error C2059: 구문 오류: '<'
c:\users\hyunj\desktop\c언어 프로그램\khj project\soket\lib\ssvrlib\slock.h(6): error C2143: 구문 오류: ';'이(가) '*' 앞에 없습니다.
c:\users\hyunj\desktop\c언어 프로그램\khj project\soket\lib\ssvrlib\slock.h(6): error C4430: 형식 지정자가 없습니다. int로 가정합니다. 참고: C++에서는 기본 int를 지원하지 않습니다.
c:\users\hyunj\desktop\c언어 프로그램\khj project\soket\lib\ssvrlib\slock.h(6): error C2238: ';' 앞에 예기치 않은 토큰이 있습니다.
c:\users\hyunj\desktop\c언어 프로그램\khj project\soket\lib\ssvrlib\slock.h(8): error C2061: 구문 오류: 식별자 'SServerObj'
c:\users\hyunj\desktop\c언어 프로그램\khj project\soket\lib\ssvrlib\suser.h(18): error C3646: 'm_szName': 알 수 없는 재정의 지정자입니다.
c:\users\hyunj\desktop\c언어 프로그램\khj project\soket\lib\ssvrlib\suser.h(18): error C4430: 형식 지정자가 없습니다. int로 가정합니다. 참고: C++에서는 기본 int를 지원하지 않습니다.
c:\users\hyunj\desktop\c언어 프로그램\khj project\soket\lib\ssvrlib\sserver.cpp(10): warning C4267: '=': 'size_t'에서 'WORD'(으)로 변환하면서 데이터가 손실될 수 있습니다.
  SServerIOCP.cpp
c:\users\hyunj\desktop\c언어 프로그램\khj project\soket\lib\ssvrlib\ssingleton.h(4): error C2143: 구문 오류: ';'이(가) '<' 앞에 없습니다.
c:\users\hyunj\desktop\c언어 프로그램\khj project\soket\lib\ssvrlib\ssingleton.h(4): error C4430: 형식 지정자가 없습니다. int로 가정합니다. 참고: C++에서는 기본 int를 지원하지 않습니다.
c:\users\hyunj\desktop\c언어 프로그램\khj project\soket\lib\ssvrlib\ssingleton.h(5): error C2059: 구문 오류: '<'
c:\users\hyunj\desktop\c언어 프로그램\khj project\soket\lib\ssvrlib\slock.h(6): error C2143: 구문 오류: ';'이(가) '*' 앞에 없습니다.
c:\users\hyunj\desktop\c언어 프로그램\khj project\soket\lib\ssvrlib\slock.h(6): error C4430: 형식 지정자가 없습니다. int로 가정합니다. 참고: C++에서는 기본 int를 지원하지 않습니다.
c:\users\hyunj\desktop\c언어 프로그램\khj project\soket\lib\ssvrlib\slock.h(6): error C2238: ';' 앞에 예기치 않은 토큰이 있습니다.
c:\users\hyunj\desktop\c언어 프로그램\khj project\soket\lib\ssvrlib\slock.h(8): error C2061: 구문 오류: 식별자 'SServerObj'
c:\users\hyunj\desktop\c언어 프로그램\khj project\soket\lib\ssvrlib\suser.h(18): error C3646: 'm_szName': 알 수 없는 재정의 지정자입니다.
c:\users\hyunj\desktop\c언어 프로그램\khj project\soket\lib\ssvrlib\suser.h(18): error C4430: 형식 지정자가 없습니다. int로 가정합니다. 참고: C++에서는 기본 int를 지원하지 않습니다.
  SServerObj.cpp
c:\users\hyunj\desktop\c언어 프로그램\khj project\soket\lib\ssvrlib\ssingleton.h(4): error C2143: 구문 오류: ';'이(가) '<' 앞에 없습니다.
c:\users\hyunj\desktop\c언어 프로그램\khj project\soket\lib\ssvrlib\ssingleton.h(4): error C4430: 형식 지정자가 없습니다. int로 가정합니다. 참고: C++에서는 기본 int를 지원하지 않습니다.
c:\users\hyunj\desktop\c언어 프로그램\khj project\soket\lib\ssvrlib\ssingleton.h(5): error C2059: 구문 오류: '<'
c:\users\hyunj\desktop\c언어 프로그램\khj project\soket\lib\ssvrlib\slock.h(6): error C2143: 구문 오류: ';'이(가) '*' 앞에 없습니다.
c:\users\hyunj\desktop\c언어 프로그램\khj project\soket\lib\ssvrlib\slock.h(6): error C4430: 형식 지정자가 없습니다. int로 가정합니다. 참고: C++에서는 기본 int를 지원하지 않습니다.
c:\users\hyunj\desktop\c언어 프로그램\khj project\soket\lib\ssvrlib\slock.h(6): error C2238: ';' 앞에 예기치 않은 토큰이 있습니다.
c:\users\hyunj\desktop\c언어 프로그램\khj project\soket\lib\ssvrlib\slock.h(8): error C2061: 구문 오류: 식별자 'SServerObj'
  SSPacket.cpp
c:\users\hyunj\desktop\c언어 프로그램\khj project\soket\lib\ssvrlib\ssingleton.h(4): error C2143: 구문 오류: ';'이(가) '<' 앞에 없습니다.
c:\users\hyunj\desktop\c언어 프로그램\khj project\soket\lib\ssvrlib\ssingleton.h(4): error C4430: 형식 지정자가 없습니다. int로 가정합니다. 참고: C++에서는 기본 int를 지원하지 않습니다.
c:\users\hyunj\desktop\c언어 프로그램\khj project\soket\lib\ssvrlib\ssingleton.h(5): error C2059: 구문 오류: '<'
  SStreamPacket.cpp
c:\users\hyunj\desktop\c언어 프로그램\khj project\soket\lib\ssvrlib\ssingleton.h(4): error C2143: 구문 오류: ';'이(가) '<' 앞에 없습니다.
c:\users\hyunj\desktop\c언어 프로그램\khj project\soket\lib\ssvrlib\ssingleton.h(4): error C4430: 형식 지정자가 없습니다. int로 가정합니다. 참고: C++에서는 기본 int를 지원하지 않습니다.
c:\users\hyunj\desktop\c언어 프로그램\khj project\soket\lib\ssvrlib\ssingleton.h(5): error C2059: 구문 오류: '<'
c:\users\hyunj\desktop\c언어 프로그램\khj project\soket\lib\ssvrlib\slock.h(6): error C2143: 구문 오류: ';'이(가) '*' 앞에 없습니다.
c:\users\hyunj\desktop\c언어 프로그램\khj project\soket\lib\ssvrlib\slock.h(6): error C4430: 형식 지정자가 없습니다. int로 가정합니다. 참고: C++에서는 기본 int를 지원하지 않습니다.
c:\users\hyunj\desktop\c언어 프로그램\khj project\soket\lib\ssvrlib\slock.h(6): error C2238: ';' 앞에 예기치 않은 토큰이 있습니다.
c:\users\hyunj\desktop\c언어 프로그램\khj project\soket\lib\ssvrlib\slock.h(8): error C2061: 구문 오류: 식별자 'SServerObj'
c:\users\hyunj\desktop\c언어 프로그램\khj project\soket\lib\ssvrlib\suser.h(18): error C3646: 'm_szName': 알 수 없는 재정의 지정자입니다.
c:\users\hyunj\desktop\c언어 프로그램\khj project\soket\lib\ssvrlib\suser.h(18): error C4430: 형식 지정자가 없습니다. int로 가정합니다. 참고: C++에서는 기본 int를 지원하지 않습니다.
c:\users\hyunj\desktop\c언어 프로그램\khj project\soket\lib\ssvrlib\sstreampacket.cpp(7): error C2664: 'SLock::SLock(const SLock &)': 인수 1을(를) 'SStreamPacket *'에서 'const SLock &'(으)로 변환할 수 없습니다.
  c:\users\hyunj\desktop\c언어 프로그램\khj project\soket\lib\ssvrlib\sstreampacket.cpp(7): note: 원인: 'SStreamPacket *'에서 'const SLock'(으)로 변환할 수 없습니다.
  c:\users\hyunj\desktop\c언어 프로그램\khj project\soket\lib\ssvrlib\sstreampacket.cpp(7): note: 소스 형식을 가져올 수 있는 생성자가 없거나 생성자 오버로드 확인이 모호합니다.
  SThread.cpp
c:\users\hyunj\desktop\c언어 프로그램\khj project\soket\lib\ssvrlib\ssingleton.h(4): error C2143: 구문 오류: ';'이(가) '<' 앞에 없습니다.
c:\users\hyunj\desktop\c언어 프로그램\khj project\soket\lib\ssvrlib\ssingleton.h(4): error C4430: 형식 지정자가 없습니다. int로 가정합니다. 참고: C++에서는 기본 int를 지원하지 않습니다.
c:\users\hyunj\desktop\c언어 프로그램\khj project\soket\lib\ssvrlib\ssingleton.h(5): error C2059: 구문 오류: '<'
c:\users\hyunj\desktop\c언어 프로그램\khj project\soket\lib\ssvrlib\slock.h(6): error C2143: 구문 오류: ';'이(가) '*' 앞에 없습니다.
c:\users\hyunj\desktop\c언어 프로그램\khj project\soket\lib\ssvrlib\slock.h(6): error C4430: 형식 지정자가 없습니다. int로 가정합니다. 참고: C++에서는 기본 int를 지원하지 않습니다.
c:\users\hyunj\desktop\c언어 프로그램\khj project\soket\lib\ssvrlib\slock.h(6): error C2238: ';' 앞에 예기치 않은 토큰이 있습니다.
c:\users\hyunj\desktop\c언어 프로그램\khj project\soket\lib\ssvrlib\slock.h(8): error C2061: 구문 오류: 식별자 'SServerObj'
  SUser.cpp
c:\users\hyunj\desktop\c언어 프로그램\khj project\soket\lib\ssvrlib\ssingleton.h(4): error C2143: 구문 오류: ';'이(가) '<' 앞에 없습니다.
c:\users\hyunj\desktop\c언어 프로그램\khj project\soket\lib\ssvrlib\ssingleton.h(4): error C4430: 형식 지정자가 없습니다. int로 가정합니다. 참고: C++에서는 기본 int를 지원하지 않습니다.
c:\users\hyunj\desktop\c언어 프로그램\khj project\soket\lib\ssvrlib\ssingleton.h(5): error C2059: 구문 오류: '<'
c:\users\hyunj\desktop\c언어 프로그램\khj project\soket\lib\ssvrlib\slock.h(6): error C2143: 구문 오류: ';'이(가) '*' 앞에 없습니다.
c:\users\hyunj\desktop\c언어 프로그램\khj project\soket\lib\ssvrlib\slock.h(6): error C4430: 형식 지정자가 없습니다. int로 가정합니다. 참고: C++에서는 기본 int를 지원하지 않습니다.
c:\users\hyunj\desktop\c언어 프로그램\khj project\soket\lib\ssvrlib\slock.h(6): error C2238: ';' 앞에 예기치 않은 토큰이 있습니다.
c:\users\hyunj\desktop\c언어 프로그램\khj project\soket\lib\ssvrlib\slock.h(8): error C2061: 구문 오류: 식별자 'SServerObj'
c:\users\hyunj\desktop\c언어 프로그램\khj project\soket\lib\ssvrlib\suser.h(18): error C3646: 'm_szName': 알 수 없는 재정의 지정자입니다.
c:\users\hyunj\desktop\c언어 프로그램\khj project\soket\lib\ssvrlib\suser.h(18): error C4430: 형식 지정자가 없습니다. int로 가정합니다. 참고: C++에서는 기본 int를 지원하지 않습니다.
c:\users\hyunj\desktop\c언어 프로그램\khj project\soket\lib\ssvrlib\suser.cpp(22): error C2664: 'SLock::SLock(const SLock &)': 인수 1을(를) 'SUser *'에서 'const SLock &'(으)로 변환할 수 없습니다.
  c:\users\hyunj\desktop\c언어 프로그램\khj project\soket\lib\ssvrlib\suser.cpp(22): note: 원인: 'SUser *'에서 'const SLock'(으)로 변환할 수 없습니다.
  c:\users\hyunj\desktop\c언어 프로그램\khj project\soket\lib\ssvrlib\suser.cpp(22): note: 소스 형식을 가져올 수 있는 생성자가 없거나 생성자 오버로드 확인이 모호합니다.
  SWorkThread.cpp
c:\users\hyunj\desktop\c언어 프로그램\khj project\soket\lib\ssvrlib\ssingleton.h(4): error C2143: 구문 오류: ';'이(가) '<' 앞에 없습니다.
c:\users\hyunj\desktop\c언어 프로그램\khj project\soket\lib\ssvrlib\ssingleton.h(4): error C4430: 형식 지정자가 없습니다. int로 가정합니다. 참고: C++에서는 기본 int를 지원하지 않습니다.
c:\users\hyunj\desktop\c언어 프로그램\khj project\soket\lib\ssvrlib\ssingleton.h(5): error C2059: 구문 오류: '<'
c:\users\hyunj\desktop\c언어 프로그램\khj project\soket\lib\ssvrlib\slock.h(6): error C2143: 구문 오류: ';'이(가) '*' 앞에 없습니다.
c:\users\hyunj\desktop\c언어 프로그램\khj project\soket\lib\ssvrlib\slock.h(6): error C4430: 형식 지정자가 없습니다. int로 가정합니다. 참고: C++에서는 기본 int를 지원하지 않습니다.
c:\users\hyunj\desktop\c언어 프로그램\khj project\soket\lib\ssvrlib\slock.h(6): error C2238: ';' 앞에 예기치 않은 토큰이 있습니다.
c:\users\hyunj\desktop\c언어 프로그램\khj project\soket\lib\ssvrlib\slock.h(8): error C2061: 구문 오류: 식별자 'SServerObj'
c:\users\hyunj\desktop\c언어 프로그램\khj project\soket\lib\ssvrlib\suser.h(18): error C3646: 'm_szName': 알 수 없는 재정의 지정자입니다.
c:\users\hyunj\desktop\c언어 프로그램\khj project\soket\lib\ssvrlib\suser.h(18): error C4430: 형식 지정자가 없습니다. int로 가정합니다. 참고: C++에서는 기본 int를 지원하지 않습니다.
  코드를 생성하고 있습니다...
