  TCore.cpp
c:\users\김현진\desktop\khj\soket\lib\samplelib\tstd.h(228): warning C4244: '=': 'float'에서 'int'(으)로 변환하면서 데이터가 손실될 수 있습니다.
c:\users\김현진\desktop\khj\soket\lib\samplelib\tinput.h(10): error C2504: 'SSingleton': 기본 클래스를 정의하지 않았습니다.
c:\users\김현진\desktop\khj\soket\lib\samplelib\tinput.h(10): error C2143: 구문 오류: ','이(가) '<' 앞에 없습니다.
c:\users\김현진\desktop\khj\soket\lib\samplelib\tinput.h(13): error C2059: 구문 오류: '<'
c:\users\김현진\desktop\khj\soket\lib\samplelib\tinput.h(13): error C2238: ';' 앞에 예기치 않은 토큰이 있습니다.
c:\users\김현진\desktop\khj\soket\lib\samplelib\tcore.cpp(7): error C2039: 'GetInstance': 'TInput'의 멤버가 아닙니다.
  c:\users\김현진\desktop\khj\soket\lib\samplelib\tinput.h(10): note: 'TInput' 선언을 참조하십시오.
c:\users\김현진\desktop\khj\soket\lib\samplelib\tcore.cpp(7): error C3861: 'GetInstance': 식별자를 찾을 수 없습니다.
c:\users\김현진\desktop\khj\soket\lib\samplelib\tcore.cpp(7): error C2228: '.Init' 왼쪽에는 클래스/구조체/공용 구조체가 있어야 합니다.
  c:\users\김현진\desktop\khj\soket\lib\samplelib\tcore.cpp(7): note: 'unknown-type' 형식입니다.
c:\users\김현진\desktop\khj\soket\lib\samplelib\tcore.cpp(54): error C2039: 'GetInstance': 'TInput'의 멤버가 아닙니다.
  c:\users\김현진\desktop\khj\soket\lib\samplelib\tinput.h(10): note: 'TInput' 선언을 참조하십시오.
c:\users\김현진\desktop\khj\soket\lib\samplelib\tcore.cpp(54): error C3861: 'GetInstance': 식별자를 찾을 수 없습니다.
c:\users\김현진\desktop\khj\soket\lib\samplelib\tcore.cpp(54): error C2228: '.Release' 왼쪽에는 클래스/구조체/공용 구조체가 있어야 합니다.
  c:\users\김현진\desktop\khj\soket\lib\samplelib\tcore.cpp(54): note: 'unknown-type' 형식입니다.
c:\users\김현진\desktop\khj\soket\lib\samplelib\tcore.cpp(60): error C2039: 'GetInstance': 'TInput'의 멤버가 아닙니다.
  c:\users\김현진\desktop\khj\soket\lib\samplelib\tinput.h(10): note: 'TInput' 선언을 참조하십시오.
c:\users\김현진\desktop\khj\soket\lib\samplelib\tcore.cpp(60): error C3861: 'GetInstance': 식별자를 찾을 수 없습니다.
c:\users\김현진\desktop\khj\soket\lib\samplelib\tcore.cpp(60): error C2228: '.Frame' 왼쪽에는 클래스/구조체/공용 구조체가 있어야 합니다.
  c:\users\김현진\desktop\khj\soket\lib\samplelib\tcore.cpp(60): note: 'unknown-type' 형식입니다.
c:\users\김현진\desktop\khj\soket\lib\samplelib\tcore.cpp(91): warning C4267: '인수': 'size_t'에서 'int'(으)로 변환하면서 데이터가 손실될 수 있습니다.
c:\users\김현진\desktop\khj\soket\lib\samplelib\tcore.cpp(115): error C2039: 'GetInstance': 'TInput'의 멤버가 아닙니다.
  c:\users\김현진\desktop\khj\soket\lib\samplelib\tinput.h(10): note: 'TInput' 선언을 참조하십시오.
c:\users\김현진\desktop\khj\soket\lib\samplelib\tcore.cpp(115): error C3861: 'GetInstance': 식별자를 찾을 수 없습니다.
c:\users\김현진\desktop\khj\soket\lib\samplelib\tcore.cpp(115): error C2228: '.Render' 왼쪽에는 클래스/구조체/공용 구조체가 있어야 합니다.
  c:\users\김현진\desktop\khj\soket\lib\samplelib\tcore.cpp(115): note: 'unknown-type' 형식입니다.
c:\users\김현진\desktop\khj\soket\lib\samplelib\tcore.cpp(128): error C2039: 'GetInstance': 'TInput'의 멤버가 아닙니다.
  c:\users\김현진\desktop\khj\soket\lib\samplelib\tinput.h(10): note: 'TInput' 선언을 참조하십시오.
c:\users\김현진\desktop\khj\soket\lib\samplelib\tcore.cpp(128): error C3861: 'GetInstance': 식별자를 찾을 수 없습니다.
c:\users\김현진\desktop\khj\soket\lib\samplelib\tcore.cpp(128): error C2228: '.MsgEvent' 왼쪽에는 클래스/구조체/공용 구조체가 있어야 합니다.
  c:\users\김현진\desktop\khj\soket\lib\samplelib\tcore.cpp(128): note: 'unknown-type' 형식입니다.
  TInput.cpp
c:\users\김현진\desktop\khj\soket\lib\samplelib\tstd.h(228): warning C4244: '=': 'float'에서 'int'(으)로 변환하면서 데이터가 손실될 수 있습니다.
c:\users\김현진\desktop\khj\soket\lib\samplelib\tinput.h(10): error C2504: 'SSingleton': 기본 클래스를 정의하지 않았습니다.
c:\users\김현진\desktop\khj\soket\lib\samplelib\tinput.h(10): error C2143: 구문 오류: ','이(가) '<' 앞에 없습니다.
c:\users\김현진\desktop\khj\soket\lib\samplelib\tinput.h(13): error C2059: 구문 오류: '<'
c:\users\김현진\desktop\khj\soket\lib\samplelib\tinput.h(13): error C2238: ';' 앞에 예기치 않은 토큰이 있습니다.
  TTimer.cpp
c:\users\김현진\desktop\khj\soket\lib\samplelib\tstd.h(228): warning C4244: '=': 'float'에서 'int'(으)로 변환하면서 데이터가 손실될 수 있습니다.
  TWindow.cpp
c:\users\김현진\desktop\khj\soket\lib\samplelib\tstd.h(228): warning C4244: '=': 'float'에서 'int'(으)로 변환하면서 데이터가 손실될 수 있습니다.
c:\users\김현진\desktop\khj\soket\lib\samplelib\tinput.h(10): error C2504: 'SSingleton': 기본 클래스를 정의하지 않았습니다.
c:\users\김현진\desktop\khj\soket\lib\samplelib\tinput.h(10): error C2143: 구문 오류: ','이(가) '<' 앞에 없습니다.
c:\users\김현진\desktop\khj\soket\lib\samplelib\tinput.h(13): error C2059: 구문 오류: '<'
c:\users\김현진\desktop\khj\soket\lib\samplelib\tinput.h(13): error C2238: ';' 앞에 예기치 않은 토큰이 있습니다.
c:\users\김현진\desktop\khj\soket\lib\samplelib\twindow.cpp(68): error C3861: 'GetWindowStyle': 식별자를 찾을 수 없습니다.
c:\users\김현진\desktop\khj\soket\lib\samplelib\twindow.cpp(150): error C2039: 'GetInstance': 'TInput'의 멤버가 아닙니다.
  c:\users\김현진\desktop\khj\soket\lib\samplelib\tinput.h(10): note: 'TInput' 선언을 참조하십시오.
c:\users\김현진\desktop\khj\soket\lib\samplelib\twindow.cpp(150): error C3861: 'GetInstance': 식별자를 찾을 수 없습니다.
c:\users\김현진\desktop\khj\soket\lib\samplelib\twindow.cpp(150): error C2228: '.KeyCheck' 왼쪽에는 클래스/구조체/공용 구조체가 있어야 합니다.
  c:\users\김현진\desktop\khj\soket\lib\samplelib\twindow.cpp(150): note: 'unknown-type' 형식입니다.
  코드를 생성하고 있습니다...
