SCHAT_Client.obj : error LNK2019: "public: void __cdecl SStreamPacket::Put(char *,int,class SUser *)" (?Put@SStreamPacket@@QEAAXPEADHPEAVSUser@@@Z) 외부 기호(참조 위치: "unsigned int __cdecl receiveMessage(void *)" (?receiveMessage@@YAIPEAX@Z) 함수)에서 확인하지 못했습니다.
SCHAT_Client.obj : error LNK2001: "public: virtual void __cdecl SUser::AddPacket(struct S_PACKET &)" (?AddPacket@SUser@@UEAAXAEAUS_PACKET@@@Z) 외부 기호를 확인할 수 없습니다.
SCHAT_Client.obj : error LNK2001: "public: virtual void __cdecl SUser::DeleteUser(unsigned __int64)" (?DeleteUser@SUser@@UEAAX_K@Z) 외부 기호를 확인할 수 없습니다.
SCHAT_Client.obj : error LNK2001: "public: virtual void __cdecl SUser::DeleteUser(void)" (?DeleteUser@SUser@@UEAAXXZ) 외부 기호를 확인할 수 없습니다.
SCHAT_Client.obj : error LNK2001: "public: virtual void __cdecl SUser::WaitForPacketReceive(void)" (?WaitForPacketReceive@SUser@@UEAAXXZ) 외부 기호를 확인할 수 없습니다.
SCHAT_Client.obj : error LNK2001: "public: virtual void __cdecl SUser::Dispatch(unsigned long,struct _OVERLAPPED *)" (?Dispatch@SUser@@UEAAXKPEAU_OVERLAPPED@@@Z) 외부 기호를 확인할 수 없습니다.
SCHAT_Client.obj : error LNK2019: "public: __cdecl SUser::SUser(void)" (??0SUser@@QEAA@XZ) 외부 기호(참조 위치: "public: __cdecl SCHAT_Client::SCHAT_Client(void)" (??0SCHAT_Client@@QEAA@XZ) 함수)에서 확인하지 못했습니다.
SCHAT_Client.obj : error LNK2019: "public: virtual __cdecl SUser::~SUser(void)" (??1SUser@@UEAA@XZ) 외부 기호(참조 위치: "public: virtual __cdecl SCHAT_Client::~SCHAT_Client(void)" (??1SCHAT_Client@@UEAA@XZ) 함수)에서 확인하지 못했습니다.
SCHAT_Client.obj : error LNK2019: "public: void __cdecl SDebugString::Print(char const *,...)" (?Print@SDebugString@@QEAAXPEBDZZ) 외부 기호(참조 위치: "public: int __cdecl SCHAT_Client::CreateConnectSocket(int)" (?CreateConnectSocket@SCHAT_Client@@QEAAHH@Z) 함수)에서 확인하지 못했습니다.
SUdpSocket.obj : error LNK2001: "public: void __cdecl SDebugString::Print(char const *,...)" (?Print@SDebugString@@QEAAXPEBDZZ) 외부 기호를 확인할 수 없습니다.
SCHAT_Client.obj : error LNK2019: "public: __cdecl SDebugString::SDebugString(void)" (??0SDebugString@@QEAA@XZ) 외부 기호(참조 위치: "public: static class SDebugString & __cdecl SSingleton<class SDebugString>::GetInstance(void)" (?GetInstance@?$SSingleton@VSDebugString@@@@SAAEAVSDebugString@@XZ) 함수)에서 확인하지 못했습니다.
SSample.obj : error LNK2001: "public: __cdecl SDebugString::SDebugString(void)" (??0SDebugString@@QEAA@XZ) 외부 기호를 확인할 수 없습니다.
SUdpSocket.obj : error LNK2001: "public: __cdecl SDebugString::SDebugString(void)" (??0SDebugString@@QEAA@XZ) 외부 기호를 확인할 수 없습니다.
SCHAT_Client.obj : error LNK2019: "public: virtual __cdecl SDebugString::~SDebugString(void)" (??1SDebugString@@UEAA@XZ) 외부 기호(참조 위치: "void __cdecl `public: static class SDebugString & __cdecl SSingleton<class SDebugString>::GetInstance(void)'::`2'::`dynamic atexit destructor for 'theSingleInstance''(void)" (??__FtheSingleInstance@?1??GetInstance@?$SSingleton@VSDebugString@@@@SAAEAVSDebugString@@XZ@YAXXZ) 함수)에서 확인하지 못했습니다.
SSample.obj : error LNK2001: "public: virtual __cdecl SDebugString::~SDebugString(void)" (??1SDebugString@@UEAA@XZ) 외부 기호를 확인할 수 없습니다.
SUdpSocket.obj : error LNK2001: "public: virtual __cdecl SDebugString::~SDebugString(void)" (??1SDebugString@@UEAA@XZ) 외부 기호를 확인할 수 없습니다.
SCHAT_Client.obj : error LNK2019: "public: __cdecl SLock::SLock(class SServerObj *)" (??0SLock@@QEAA@PEAVSServerObj@@@Z) 외부 기호(참조 위치: "public: int __cdecl SCHAT_Client::ProcessPacket(void)" (?ProcessPacket@SCHAT_Client@@QEAAHXZ) 함수)에서 확인하지 못했습니다.
SCHAT_Client.obj : error LNK2019: "public: virtual __cdecl SLock::~SLock(void)" (??1SLock@@UEAA@XZ) 외부 기호(참조 위치: "public: int __cdecl SCHAT_Client::ProcessPacket(void)" (?ProcessPacket@SCHAT_Client@@QEAAHXZ) 함수)에서 확인하지 못했습니다.
SSample.obj : error LNK2019: "public: bool __cdecl TWindow::SetWindow(struct HINSTANCE__ *,wchar_t const *,int,int,unsigned long)" (?SetWindow@TWindow@@QEAA_NPEAUHINSTANCE__@@PEB_WHHK@Z) 외부 기호(참조 위치: wWinMain 함수)에서 확인하지 못했습니다.
SSample.obj : error LNK2019: "public: bool __cdecl TWindow::Run(void)" (?Run@TWindow@@QEAA_NXZ) 외부 기호(참조 위치: wWinMain 함수)에서 확인하지 못했습니다.
SSample.obj : error LNK2019: "public: unsigned long __cdecl TInput::KeyCheck(unsigned long)" (?KeyCheck@TInput@@QEAAKK@Z) 외부 기호(참조 위치: "public: virtual bool __cdecl SSample::Frame(void)" (?Frame@SSample@@UEAA_NXZ) 함수)에서 확인하지 못했습니다.
SSample.obj : error LNK2019: "protected: __cdecl TInput::TInput(void)" (??0TInput@@IEAA@XZ) 외부 기호(참조 위치: "public: static class TInput & __cdecl SSingleton<class TInput>::GetInstance(void)" (?GetInstance@?$SSingleton@VTInput@@@@SAAEAVTInput@@XZ) 함수)에서 확인하지 못했습니다.
SSample.obj : error LNK2019: "protected: virtual __cdecl TInput::~TInput(void)" (??1TInput@@MEAA@XZ) 외부 기호(참조 위치: "void __cdecl `public: static class TInput & __cdecl SSingleton<class TInput>::GetInstance(void)'::`2'::`dynamic atexit destructor for 'theSingleInstance''(void)" (??__FtheSingleInstance@?1??GetInstance@?$SSingleton@VTInput@@@@SAAEAVTInput@@XZ@YAXXZ) 함수)에서 확인하지 못했습니다.
SSample.obj : error LNK2001: "public: virtual bool __cdecl TCore::GameRun(void)" (?GameRun@TCore@@UEAA_NXZ) 외부 기호를 확인할 수 없습니다.
SSample.obj : error LNK2001: "public: virtual bool __cdecl TCore::GameInit(void)" (?GameInit@TCore@@UEAA_NXZ) 외부 기호를 확인할 수 없습니다.
SSample.obj : error LNK2001: "public: virtual bool __cdecl TCore::GameRender(void)" (?GameRender@TCore@@UEAA_NXZ) 외부 기호를 확인할 수 없습니다.
SSample.obj : error LNK2001: "public: virtual bool __cdecl TCore::GameRelease(void)" (?GameRelease@TCore@@UEAA_NXZ) 외부 기호를 확인할 수 없습니다.
SSample.obj : error LNK2001: "public: virtual void __cdecl TCore::MsgEvent(struct tagMSG)" (?MsgEvent@TCore@@UEAAXUtagMSG@@@Z) 외부 기호를 확인할 수 없습니다.
SSample.obj : error LNK2001: "public: virtual bool __cdecl TCore::ResizeClient(unsigned int,unsigned int)" (?ResizeClient@TCore@@UEAA_NII@Z) 외부 기호를 확인할 수 없습니다.
SSample.obj : error LNK2001: "public: virtual bool __cdecl TCore::DrawDebug(void)" (?DrawDebug@TCore@@UEAA_NXZ) 외부 기호를 확인할 수 없습니다.
SSample.obj : error LNK2001: "public: virtual bool __cdecl TCore::DrawDebug(wchar_t *,int,int)" (?DrawDebug@TCore@@UEAA_NPEA_WHH@Z) 외부 기호를 확인할 수 없습니다.
SSample.obj : error LNK2019: "public: __cdecl TCore::TCore(void)" (??0TCore@@QEAA@XZ) 외부 기호(참조 위치: "public: __cdecl SSample::SSample(void)" (??0SSample@@QEAA@XZ) 함수)에서 확인하지 못했습니다.
SSample.obj : error LNK2019: "public: virtual __cdecl TCore::~TCore(void)" (??1TCore@@UEAA@XZ) 외부 기호(참조 위치: "int `public: __cdecl SSample::SSample(void)'::`1'::dtor$0" (?dtor$0@?0???0SSample@@QEAA@XZ@4HA) 함수)에서 확인하지 못했습니다.
SSample.obj : error LNK2001: "public: virtual bool __cdecl SSample::Init(void)" (?Init@SSample@@UEAA_NXZ) 외부 기호를 확인할 수 없습니다.
SSample.obj : error LNK2019: "public: long __cdecl SDebugString::ConvertWideStringToAnsiCch(char *,wchar_t const *,int)" (?ConvertWideStringToAnsiCch@SDebugString@@QEAAJPEADPEB_WH@Z) 외부 기호(참조 위치: "public: virtual __int64 __cdecl SSample::MsgProc(struct HWND__ *,unsigned int,unsigned __int64,__int64)" (?MsgProc@SSample@@UEAA_JPEAUHWND__@@I_K_J@Z) 함수)에서 확인하지 못했습니다.
SSample.obj : error LNK2001: "struct HINSTANCE__ * g_hInstance" (?g_hInstance@@3PEAUHINSTANCE__@@EA) 외부 기호를 확인할 수 없습니다.
SUdpSocket.obj : error LNK2019: "public: void __cdecl SThread::CreateThread(void)" (?CreateThread@SThread@@QEAAXXZ) 외부 기호(참조 위치: "public: bool __cdecl SUdpSocket::Init(void)" (?Init@SUdpSocket@@QEAA_NXZ) 함수)에서 확인하지 못했습니다.
SUdpSocket.obj : error LNK2019: "public: __cdecl SThread::SThread(void)" (??0SThread@@QEAA@XZ) 외부 기호(참조 위치: "public: __cdecl SUdpSocket::SUdpSocket(void)" (??0SUdpSocket@@QEAA@XZ) 함수)에서 확인하지 못했습니다.
SUdpSocket.obj : error LNK2019: "public: virtual __cdecl SThread::~SThread(void)" (??1SThread@@UEAA@XZ) 외부 기호(참조 위치: "public: virtual __cdecl SUdpSocket::~SUdpSocket(void)" (??1SUdpSocket@@UEAA@XZ) 함수)에서 확인하지 못했습니다.
..\..\DATA\0_lib\SSvrLIB.lib : warning LNK4272: 'x86' 라이브러리 컴퓨터 종류가 'x64' 대상 컴퓨터 종류와 충돌합니다.
../output/CHATClient_0/CHATClient_0.exe : fatal error LNK1120: 34개의 확인할 수 없는 외부 참조입니다.
