  Bubble Sort.cpp
  Heap Sort.cpp
  Insertion Sort.cpp
  Merge Sort.cpp
c:\users\hyunj\desktop\c언어 프로그램\khj project\00_c_lang\sample.001\merge sort.cpp(81): warning C4244: '인수': '__int64'에서 'int'(으)로 변환하면서 데이터가 손실될 수 있습니다.
c:\users\hyunj\desktop\c언어 프로그램\khj project\00_c_lang\sample.001\merge sort.cpp(87): warning C4244: '인수': '__int64'에서 'int'(으)로 변환하면서 데이터가 손실될 수 있습니다.
  Quick Sort.cpp
c:\users\hyunj\desktop\c언어 프로그램\khj project\00_c_lang\sample.001\quick sort.cpp(53): warning C4244: '인수': '__int64'에서 'int'(으)로 변환하면서 데이터가 손실될 수 있습니다.
c:\users\hyunj\desktop\c언어 프로그램\khj project\00_c_lang\sample.001\quick sort.cpp(64): warning C4244: '인수': '__int64'에서 'int'(으)로 변환하면서 데이터가 손실될 수 있습니다.
  Selection Sort.cpp
  Sequential Sort.cpp
  Shell Sort.cpp
  STD.cpp
  코드를 생성하고 있습니다...
Heap Sort.obj : error LNK2005: "void __cdecl ViewArr(int *,int)" (?ViewArr@@YAXPEAHH@Z)이(가) Bubble Sort.obj에 이미 정의되어 있습니다.
Heap Sort.obj : error LNK2005: main이(가) Bubble Sort.obj에 이미 정의되어 있습니다.
Insertion Sort.obj : error LNK2005: "void __cdecl ViewArr(int *,int)" (?ViewArr@@YAXPEAHH@Z)이(가) Bubble Sort.obj에 이미 정의되어 있습니다.
Insertion Sort.obj : error LNK2005: main이(가) Bubble Sort.obj에 이미 정의되어 있습니다.
Merge Sort.obj : error LNK2005: "void __cdecl ViewArr(int *,int)" (?ViewArr@@YAXPEAHH@Z)이(가) Bubble Sort.obj에 이미 정의되어 있습니다.
Merge Sort.obj : error LNK2005: main이(가) Bubble Sort.obj에 이미 정의되어 있습니다.
Quick Sort.obj : error LNK2005: "void __cdecl PrintSpace(int)" (?PrintSpace@@YAXH@Z)이(가) Merge Sort.obj에 이미 정의되어 있습니다.
Quick Sort.obj : error LNK2005: "void __cdecl ViewArr(int *,int)" (?ViewArr@@YAXPEAHH@Z)이(가) Bubble Sort.obj에 이미 정의되어 있습니다.
Quick Sort.obj : error LNK2005: main이(가) Bubble Sort.obj에 이미 정의되어 있습니다.
Quick Sort.obj : error LNK2005: "int * origin" (?origin@@3PEAHEA)이(가) Merge Sort.obj에 이미 정의되어 있습니다.
Quick Sort.obj : error LNK2005: "int on" (?on@@3HA)이(가) Merge Sort.obj에 이미 정의되어 있습니다.
Selection Sort.obj : error LNK2005: "void __cdecl ViewArr(int *,int)" (?ViewArr@@YAXPEAHH@Z)이(가) Bubble Sort.obj에 이미 정의되어 있습니다.
Selection Sort.obj : error LNK2005: main이(가) Bubble Sort.obj에 이미 정의되어 있습니다.
Sequential Sort.obj : error LNK2005: "void __cdecl ViewArr(int *,int)" (?ViewArr@@YAXPEAHH@Z)이(가) Bubble Sort.obj에 이미 정의되어 있습니다.
Sequential Sort.obj : error LNK2005: main이(가) Bubble Sort.obj에 이미 정의되어 있습니다.
Shell Sort.obj : error LNK2005: "void __cdecl ViewArr(int *,int)" (?ViewArr@@YAXPEAHH@Z)이(가) Bubble Sort.obj에 이미 정의되어 있습니다.
Shell Sort.obj : error LNK2005: main이(가) Bubble Sort.obj에 이미 정의되어 있습니다.
Shell Sort.obj : error LNK2005: "int * origin" (?origin@@3PEAHEA)이(가) Merge Sort.obj에 이미 정의되어 있습니다.
Shell Sort.obj : error LNK2005: "int on" (?on@@3HA)이(가) Merge Sort.obj에 이미 정의되어 있습니다.
C:\Users\hyunj\Desktop\c언어 프로그램\KHJ Project\00_C_Lang\x64\Debug\Sample.001.exe : fatal error LNK1169: 여러 번 정의된 기호가 있습니다.
