c:\users\hyunj\desktop\c++\khj project\soket\output\ssvrlib\ssvrlib.pdb
c:\users\hyunj\desktop\c++\khj project\soket\output\ssvrlib\ssvrlib.idb
c:\users\hyunj\desktop\c++\khj project\soket\output\ssvrlib\sworkthread.obj
c:\users\hyunj\desktop\c++\khj project\soket\output\ssvrlib\suser.obj
c:\users\hyunj\desktop\c++\khj project\soket\output\ssvrlib\sthread.obj
c:\users\hyunj\desktop\c++\khj project\soket\output\ssvrlib\sstreampacket.obj
c:\users\hyunj\desktop\c++\khj project\soket\output\ssvrlib\sspacket.obj
c:\users\hyunj\desktop\c++\khj project\soket\output\ssvrlib\sserverobj.obj
c:\users\hyunj\desktop\c++\khj project\soket\output\ssvrlib\sserveriocp.obj
c:\users\hyunj\desktop\c++\khj project\soket\output\ssvrlib\sserver.obj
c:\users\hyunj\desktop\c++\khj project\soket\output\ssvrlib\spacketpool.obj
c:\users\hyunj\desktop\c++\khj project\soket\output\ssvrlib\slock.obj
c:\users\hyunj\desktop\c++\khj project\soket\output\ssvrlib\sdebugstring.obj
c:\users\hyunj\desktop\c++\khj project\soket\output\ssvrlib\sacceptor.obj
c:\users\hyunj\desktop\c++\khj project\soket\output\0_lib\ssvrlib.lib
c:\users\hyunj\desktop\c++\khj project\soket\output\ssvrlib\../../output/ssvrlib/ssvrlib.pdb
c:\users\hyunj\desktop\c++\khj project\soket\output\ssvrlib\ssvrlib.tlog\cl.command.1.tlog
c:\users\hyunj\desktop\c++\khj project\soket\output\ssvrlib\ssvrlib.tlog\cl.read.1.tlog
c:\users\hyunj\desktop\c++\khj project\soket\output\ssvrlib\ssvrlib.tlog\cl.write.1.tlog
c:\users\hyunj\desktop\c++\khj project\soket\output\ssvrlib\ssvrlib.tlog\lib-link.read.1.tlog
c:\users\hyunj\desktop\c++\khj project\soket\output\ssvrlib\ssvrlib.tlog\lib-link.write.1.tlog
c:\users\hyunj\desktop\c++\khj project\soket\output\ssvrlib\ssvrlib.tlog\lib.command.1.tlog
