  SAcceptor.cpp
  SDebugString.cpp
c:\users\김현진\desktop\khj\soket\lib\ssvrlib\sdebugstring.cpp(23): warning C4244: '초기화 중': 'LRESULT'에서 'int'(으)로 변환하면서 데이터가 손실될 수 있습니다.
  SLock.cpp
  SPacketPool.cpp
  SServer.cpp
c:\users\김현진\desktop\khj\soket\lib\ssvrlib\sserver.cpp(10): warning C4267: '=': 'size_t'에서 'WORD'(으)로 변환하면서 데이터가 손실될 수 있습니다.
  SServerIOCP.cpp
  SServerObj.cpp
  SSPacket.cpp
c:\users\김현진\desktop\khj\soket\lib\ssvrlib\sspacket.cpp(115): warning C4267: '초기화 중': 'size_t'에서 'int'(으)로 변환하면서 데이터가 손실될 수 있습니다.
c:\users\김현진\desktop\khj\soket\lib\ssvrlib\sspacket.cpp(122): warning C4267: '초기화 중': 'size_t'에서 'int'(으)로 변환하면서 데이터가 손실될 수 있습니다.
  SStreamPacket.cpp
  SThread.cpp
c:\users\김현진\desktop\khj\soket\lib\ssvrlib\sthread.cpp(16): warning C4244: '=': 'uintptr_t'에서 'unsigned int'(으)로 변환하면서 데이터가 손실될 수 있습니다.
c:\users\김현진\desktop\khj\soket\lib\ssvrlib\sthread.cpp(41): warning C4312: '형식 캐스트': 'unsigned int'에서 더 큰 'HANDLE'(으)로의 변환입니다.
  SUser.cpp
  SWorkThread.cpp
  TCore.cpp
c:\users\김현진\desktop\khj\soket\lib\ssvrlib\tcore.cpp(91): warning C4267: '인수': 'size_t'에서 'int'(으)로 변환하면서 데이터가 손실될 수 있습니다.
  TInput.cpp
  TTimer.cpp
  TWindow.cpp
  코드를 생성하고 있습니다...
c:\users\김현진\desktop\khj\soket\lib\ssvrlib\sdebugstring.cpp(66): warning C4172: 지역 변수 또는 임시: msg의 주소를 반환하고 있습니다.
c:\users\김현진\desktop\khj\soket\lib\ssvrlib\sdebugstring.cpp(92): warning C4172: 지역 변수 또는 임시: msg의 주소를 반환하고 있습니다.
C:\Program Files (x86)\Microsoft Visual Studio\2017\Enterprise\Common7\IDE\VC\VCTargets\Microsoft.CppBuild.targets(1386,5): warning MSB8012: TargetPath(C:\Users\김현진\Desktop\KHJ\Soket\Lib\SSvrLIB\../../output/SSvrLIB/SSvrLIB.lib)이(가) Library의 OutputFile 속성 값(C:\Users\김현진\Desktop\KHJ\Soket\output\0_lib\SSvrLIB.lib)과 일치하지 않습니다. 이로 인해 프로젝트가 잘못 빌드될 수 있습니다. 이를 수정하려면 $(OutDir), $(TargetName) 및 $(TargetExt) 속성 값이 %(Lib.OutputFile)에 지정된 값과 일치해야 합니다.
  SSvrLIB.vcxproj -> C:\Users\김현진\Desktop\KHJ\Soket\Lib\SSvrLIB\../../output/SSvrLIB/SSvrLIB.lib
  SAcceptor.h
  SDebugString.h
  SLock.h
  SPacketPool.h
  SProtocol.h
  SServer.h
  SServerIOCP.h
  SServerObj.h
  SSingleton.h
  SSPacket.h
  SStreamPacket.h
  SThread.h
  SUser.h
  SvrStd.h
  SWorkThread.h
  TCore.h
  TInput.h
  TStd.h
  TTimer.h
  TWindow.h
         20개 파일이 복사되었습니다.
  SSvrLIB.lib
          1개 파일이 복사되었습니다.
