  EXPORTER.cpp
c:\users\김현진\desktop\khj\3d\maxsdk\include\paramtype.h(513): warning C4819: 현재 코드 페이지(949)에서 표시할 수 없는 문자가 파일에 들어 있습니다. 데이터가 손실되지 않게 하려면 해당 파일을 유니코드 형식으로 저장하십시오.
c:\users\김현진\desktop\khj\3d\maxsdk\include\graphicsconstants.h : warning C4819: 현재 코드 페이지(949)에서 표시할 수 없는 문자가 파일에 들어 있습니다. 데이터가 손실되지 않게 하려면 해당 파일을 유니코드 형식으로 저장하십시오.
  S_AnimObj.cpp
c:\users\김현진\desktop\khj\3d\maxsdk\include\paramtype.h(513): warning C4819: 현재 코드 페이지(949)에서 표시할 수 없는 문자가 파일에 들어 있습니다. 데이터가 손실되지 않게 하려면 해당 파일을 유니코드 형식으로 저장하십시오.
c:\users\김현진\desktop\khj\3d\maxsdk\include\graphicsconstants.h : warning C4819: 현재 코드 페이지(949)에서 표시할 수 없는 문자가 파일에 들어 있습니다. 데이터가 손실되지 않게 하려면 해당 파일을 유니코드 형식으로 저장하십시오.
c:\users\김현진\desktop\khj\3d\dll\khjexporter_3\s_animobj.cpp(39): warning C4101: 'fRotAngle' :참조되지 않은 지역 변수입니다.
  S_Skin.cpp
c:\users\김현진\desktop\khj\3d\maxsdk\include\paramtype.h(513): warning C4819: 현재 코드 페이지(949)에서 표시할 수 없는 문자가 파일에 들어 있습니다. 데이터가 손실되지 않게 하려면 해당 파일을 유니코드 형식으로 저장하십시오.
c:\users\김현진\desktop\khj\3d\maxsdk\include\graphicsconstants.h : warning C4819: 현재 코드 페이지(949)에서 표시할 수 없는 문자가 파일에 들어 있습니다. 데이터가 손실되지 않게 하려면 해당 파일을 유니코드 형식으로 저장하십시오.
c:\users\김현진\desktop\khj\3d\dll\khjexporter_3\s_skin.cpp(224): warning C4267: '=': 'size_t'에서 'int'(으)로 변환하면서 데이터가 손실될 수 있습니다.
c:\users\김현진\desktop\khj\3d\dll\khjexporter_3\s_skin.cpp(238): warning C4267: '=': 'size_t'에서 'int'(으)로 변환하면서 데이터가 손실될 수 있습니다.
c:\users\김현진\desktop\khj\3d\dll\khjexporter_3\s_skin.cpp(252): warning C4267: '=': 'size_t'에서 'int'(으)로 변환하면서 데이터가 손실될 수 있습니다.
c:\users\김현진\desktop\khj\3d\dll\khjexporter_3\s_skin.cpp(267): warning C4244: '=': 'int'에서 'float'(으)로 변환하면서 데이터가 손실될 수 있습니다.
c:\users\김현진\desktop\khj\3d\dll\khjexporter_3\s_skin.cpp(268): warning C4244: '=': 'int'에서 'float'(으)로 변환하면서 데이터가 손실될 수 있습니다.
c:\users\김현진\desktop\khj\3d\dll\khjexporter_3\s_skin.cpp(269): warning C4244: '=': 'int'에서 'float'(으)로 변환하면서 데이터가 손실될 수 있습니다.
c:\users\김현진\desktop\khj\3d\dll\khjexporter_3\s_skin.cpp(275): warning C4244: '=': 'int'에서 'float'(으)로 변환하면서 데이터가 손실될 수 있습니다.
c:\users\김현진\desktop\khj\3d\dll\khjexporter_3\s_skin.cpp(277): warning C4244: '=': 'int'에서 'float'(으)로 변환하면서 데이터가 손실될 수 있습니다.
c:\users\김현진\desktop\khj\3d\dll\khjexporter_3\s_skin.cpp(279): warning C4244: '=': 'int'에서 'float'(으)로 변환하면서 데이터가 손실될 수 있습니다.
c:\users\김현진\desktop\khj\3d\dll\khjexporter_3\s_skin.cpp(403): warning C4267: '=': 'size_t'에서 'int'(으)로 변환하면서 데이터가 손실될 수 있습니다.
c:\users\김현진\desktop\khj\3d\dll\khjexporter_3\s_skin.cpp(546): warning C4267: '초기화 중': 'size_t'에서 'int'(으)로 변환하면서 데이터가 손실될 수 있습니다.
c:\users\김현진\desktop\khj\3d\dll\khjexporter_3\s_skin.cpp(570): warning C4267: '=': 'size_t'에서 'int'(으)로 변환하면서 데이터가 손실될 수 있습니다.
c:\users\김현진\desktop\khj\3d\dll\khjexporter_3\s_skin.cpp(600): warning C4267: '초기화 중': 'size_t'에서 'int'(으)로 변환하면서 데이터가 손실될 수 있습니다.
c:\users\김현진\desktop\khj\3d\dll\khjexporter_3\s_skin.cpp(620): warning C4267: '초기화 중': 'size_t'에서 'int'(으)로 변환하면서 데이터가 손실될 수 있습니다.
c:\users\김현진\desktop\khj\3d\dll\khjexporter_3\s_skin.cpp(658): warning C4267: '=': 'size_t'에서 'int'(으)로 변환하면서 데이터가 손실될 수 있습니다.
c:\users\김현진\desktop\khj\3d\dll\khjexporter_3\s_skin.cpp(669): warning C4267: '초기화 중': 'size_t'에서 'int'(으)로 변환하면서 데이터가 손실될 수 있습니다.
  S_Writer.cpp
c:\users\김현진\desktop\khj\3d\maxsdk\include\paramtype.h(513): warning C4819: 현재 코드 페이지(949)에서 표시할 수 없는 문자가 파일에 들어 있습니다. 데이터가 손실되지 않게 하려면 해당 파일을 유니코드 형식으로 저장하십시오.
c:\users\김현진\desktop\khj\3d\maxsdk\include\graphicsconstants.h : warning C4819: 현재 코드 페이지(949)에서 표시할 수 없는 문자가 파일에 들어 있습니다. 데이터가 손실되지 않게 하려면 해당 파일을 유니코드 형식으로 저장하십시오.
c:\users\김현진\desktop\khj\3d\dll\khjexporter_3\s_writer.cpp(41): warning C4018: '<': signed 또는 unsigned가 일치하지 않습니다.
c:\users\김현진\desktop\khj\3d\dll\khjexporter_3\s_writer.cpp(57): warning C4018: '<': signed 또는 unsigned가 일치하지 않습니다.
c:\users\김현진\desktop\khj\3d\dll\khjexporter_3\s_writer.cpp(118): warning C4267: '초기화 중': 'size_t'에서 'int'(으)로 변환하면서 데이터가 손실될 수 있습니다.
c:\users\김현진\desktop\khj\3d\dll\khjexporter_3\s_writer.cpp(127): warning C4267: '초기화 중': 'size_t'에서 'int'(으)로 변환하면서 데이터가 손실될 수 있습니다.
c:\users\김현진\desktop\khj\3d\dll\khjexporter_3\s_writer.cpp(234): warning C4477: 'fwprintf' : 서식 문자열 '%d'에 'int' 형식의 인수가 필요하지만 variadic 인수 2의 형식이 'unsigned __int64'입니다.
  c:\users\김현진\desktop\khj\3d\dll\khjexporter_3\s_writer.cpp(234): note: 서식 문자열에서 '%zd'을(를) 사용하는 것이 좋습니다.
c:\users\김현진\desktop\khj\3d\dll\khjexporter_3\s_writer.cpp(241): warning C4477: 'fwprintf' : 서식 문자열 '%s'에 'wchar_t *' 형식의 인수가 필요하지만 variadic 인수 1의 형식이 'WStr'입니다.
c:\users\김현진\desktop\khj\3d\dll\khjexporter_3\s_writer.cpp(246): warning C4477: 'fwprintf' : 서식 문자열 '%s'에 'wchar_t *' 형식의 인수가 필요하지만 variadic 인수 1의 형식이 'WStr'입니다.
c:\users\김현진\desktop\khj\3d\dll\khjexporter_3\s_writer.cpp(255): warning C4477: 'fwprintf' : 서식 문자열 '%d'에 'int' 형식의 인수가 필요하지만 variadic 인수 1의 형식이 'unsigned __int64'입니다.
  c:\users\김현진\desktop\khj\3d\dll\khjexporter_3\s_writer.cpp(255): note: 서식 문자열에서 '%zd'을(를) 사용하는 것이 좋습니다.
c:\users\김현진\desktop\khj\3d\dll\khjexporter_3\s_writer.cpp(261): warning C4477: 'fwprintf' : 서식 문자열 '%s'에 'wchar_t *' 형식의 인수가 필요하지만 variadic 인수 1의 형식이 'WStr'입니다.
c:\users\김현진\desktop\khj\3d\dll\khjexporter_3\s_writer.cpp(266): warning C4477: 'fwprintf' : 서식 문자열 '%s'에 'wchar_t *' 형식의 인수가 필요하지만 variadic 인수 1의 형식이 'WStr'입니다.
c:\users\김현진\desktop\khj\3d\dll\khjexporter_3\s_writer.cpp(284): warning C4477: 'fwprintf' : 서식 문자열 '%d'에 'int' 형식의 인수가 필요하지만 variadic 인수 1의 형식이 'unsigned __int64'입니다.
  c:\users\김현진\desktop\khj\3d\dll\khjexporter_3\s_writer.cpp(284): note: 서식 문자열에서 '%zd'을(를) 사용하는 것이 좋습니다.
c:\users\김현진\desktop\khj\3d\dll\khjexporter_3\s_writer.cpp(289): warning C4477: 'fwprintf' : 서식 문자열 '%s'에 'wchar_t *' 형식의 인수가 필요하지만 variadic 인수 2의 형식이 'WStr'입니다.
c:\users\김현진\desktop\khj\3d\dll\khjexporter_3\s_writer.cpp(318): warning C4267: '초기화 중': 'size_t'에서 'int'(으)로 변환하면서 데이터가 손실될 수 있습니다.
c:\users\김현진\desktop\khj\3d\dll\khjexporter_3\s_writer.cpp(322): warning C4244: '=': '__int64'에서 'int'(으)로 변환하면서 데이터가 손실될 수 있습니다.
c:\users\김현진\desktop\khj\3d\dll\khjexporter_3\s_writer.cpp(350): warning C4477: 'fwprintf' : 서식 문자열 '%s'에 'wchar_t *' 형식의 인수가 필요하지만 variadic 인수 1의 형식이 'WStr'입니다.
c:\users\김현진\desktop\khj\3d\dll\khjexporter_3\s_writer.cpp(350): warning C4477: 'fwprintf' : 서식 문자열 '%s'에 'wchar_t *' 형식의 인수가 필요하지만 variadic 인수 2의 형식이 'WStr'입니다.
c:\users\김현진\desktop\khj\3d\dll\khjexporter_3\s_writer.cpp(351): warning C4477: 'fwprintf' : 서식 문자열 '%d'에 'int' 형식의 인수가 필요하지만 variadic 인수 3의 형식이 'unsigned __int64'입니다.
  c:\users\김현진\desktop\khj\3d\dll\khjexporter_3\s_writer.cpp(351): note: 서식 문자열에서 '%zd'을(를) 사용하는 것이 좋습니다.
c:\users\김현진\desktop\khj\3d\dll\khjexporter_3\s_writer.cpp(351): warning C4477: 'fwprintf' : 서식 문자열 '%d'에 'int' 형식의 인수가 필요하지만 variadic 인수 4의 형식이 'unsigned __int64'입니다.
  c:\users\김현진\desktop\khj\3d\dll\khjexporter_3\s_writer.cpp(351): note: 서식 문자열에서 '%zd'을(를) 사용하는 것이 좋습니다.
c:\users\김현진\desktop\khj\3d\dll\khjexporter_3\s_writer.cpp(351): warning C4477: 'fwprintf' : 서식 문자열 '%d'에 'int' 형식의 인수가 필요하지만 variadic 인수 5의 형식이 'unsigned __int64'입니다.
  c:\users\김현진\desktop\khj\3d\dll\khjexporter_3\s_writer.cpp(351): note: 서식 문자열에서 '%zd'을(를) 사용하는 것이 좋습니다.
c:\users\김현진\desktop\khj\3d\dll\khjexporter_3\s_writer.cpp(351): warning C4477: 'fwprintf' : 서식 문자열 '%d'에 'int' 형식의 인수가 필요하지만 variadic 인수 6의 형식이 'unsigned __int64'입니다.
  c:\users\김현진\desktop\khj\3d\dll\khjexporter_3\s_writer.cpp(351): note: 서식 문자열에서 '%zd'을(를) 사용하는 것이 좋습니다.
c:\users\김현진\desktop\khj\3d\dll\khjexporter_3\s_writer.cpp(406): warning C4477: 'fwprintf' : 서식 문자열 '%d'에 'int' 형식의 인수가 필요하지만 variadic 인수 3의 형식이 'unsigned __int64'입니다.
  c:\users\김현진\desktop\khj\3d\dll\khjexporter_3\s_writer.cpp(406): note: 서식 문자열에서 '%zd'을(를) 사용하는 것이 좋습니다.
  코드를 생성하고 있습니다...
c:\users\김현진\desktop\khj\3d\dll\khjexporter_3\s_writer.cpp(177): warning C4172: 지역 변수 또는 임시: szFile의 주소를 반환하고 있습니다.
  KHJExporter_3.vcxproj -> C:\Users\김현진\Desktop\KHJ\3D\DLL\KHJExporter_3\../output/KHJExporter_3/KHJExporter_3.dle
