c:\users\김현진\desktop\khj\3d\3d_lib\output\3d_lib_1\3d_lib_1.pdb
c:\users\김현진\desktop\khj\3d\3d_lib\output\3d_lib_1\3d_lib_1.idb
c:\users\김현진\desktop\khj\3d\3d_lib\output\3d_lib_1\score.obj
c:\users\김현진\desktop\khj\3d\3d_lib\output\3d_lib_1\swindow.obj
c:\users\김현진\desktop\khj\3d\3d_lib\output\3d_lib_1\sdevice.obj
c:\users\김현진\desktop\khj\3d\3d_lib\output\3d_lib_1\swrite.obj
c:\users\김현진\desktop\khj\3d\3d_lib\output\3d_lib_1\stimer.obj
c:\users\김현진\desktop\khj\3d\3d_lib\output\3d_lib_1\sinput.obj
c:\users\김현진\desktop\khj\3d\3d_lib\output\3d_lib_1\sdxstate.obj
c:\users\김현진\desktop\khj\3d\3d_lib\output\3d_lib_1\sdxobj.obj
c:\users\김현진\desktop\khj\3d\3d_lib\output\3d_lib_1\xsphereshape.obj
c:\users\김현진\desktop\khj\3d\3d_lib\output\3d_lib_1\xskybox.obj
c:\users\김현진\desktop\khj\3d\3d_lib\output\3d_lib_1\xshape.obj
c:\users\김현진\desktop\khj\3d\3d_lib\output\3d_lib_1\xplaneshape.obj
c:\users\김현진\desktop\khj\3d\3d_lib\output\3d_lib_1\xmodelview.obj
c:\users\김현진\desktop\khj\3d\3d_lib\output\3d_lib_1\xlineshape.obj
c:\users\김현진\desktop\khj\3d\3d_lib\output\3d_lib_1\xfrustum.obj
c:\users\김현진\desktop\khj\3d\3d_lib\output\3d_lib_1\xcamera.obj
c:\users\김현진\desktop\khj\3d\3d_lib\output\3d_lib_1\xarcball.obj
c:\users\김현진\desktop\khj\3d\3d_lib\3d_lib_1\3d_lib_1.lib
c:\users\김현진\desktop\khj\3d\3d_lib\output\3d_lib_1\3d_lib_1.tlog\cl.command.1.tlog
c:\users\김현진\desktop\khj\3d\3d_lib\output\3d_lib_1\3d_lib_1.tlog\cl.read.1.tlog
c:\users\김현진\desktop\khj\3d\3d_lib\output\3d_lib_1\3d_lib_1.tlog\cl.write.1.tlog
c:\users\김현진\desktop\khj\3d\3d_lib\output\3d_lib_1\3d_lib_1.tlog\lib-link.read.1.tlog
c:\users\김현진\desktop\khj\3d\3d_lib\output\3d_lib_1\3d_lib_1.tlog\lib-link.write.1.tlog
c:\users\김현진\desktop\khj\3d\3d_lib\output\3d_lib_1\3d_lib_1.tlog\lib.command.1.tlog
