  S_Client.cpp
c:\users\hyunj\desktop\c++\khj project\soket\chat\s_chat_client\s_client.cpp(6): error C2664: 'void S_DebugString::Print(char *,...)': 인수 1을(를) 'const char [3]'에서 'char *'(으)로 변환할 수 없습니다.
  c:\users\hyunj\desktop\c++\khj project\soket\chat\s_chat_client\s_client.cpp(6): note: 문자열 리터럴로부터의 변환은 const 한정자가 손실됩니다(/Zc:strictStrings 참조).
c:\users\hyunj\desktop\c++\khj project\soket\chat\s_chat_client\s_client.cpp(30): error C2664: 'void S_DebugString::Print(char *,...)': 인수 1을(를) 'const char [3]'에서 'char *'(으)로 변환할 수 없습니다.
  c:\users\hyunj\desktop\c++\khj project\soket\chat\s_chat_client\s_client.cpp(30): note: 문자열 리터럴로부터의 변환은 const 한정자가 손실됩니다(/Zc:strictStrings 참조).
c:\users\hyunj\desktop\c++\khj project\soket\chat\s_chat_client\s_client.cpp(72): error C2664: 'void S_DebugString::Print(char *,...)': 인수 1을(를) 'const char [3]'에서 'char *'(으)로 변환할 수 없습니다.
  c:\users\hyunj\desktop\c++\khj project\soket\chat\s_chat_client\s_client.cpp(72): note: 문자열 리터럴로부터의 변환은 const 한정자가 손실됩니다(/Zc:strictStrings 참조).
c:\users\hyunj\desktop\c++\khj project\soket\chat\s_chat_client\s_client.cpp(76): error C2664: 'void S_DebugString::Print(char *,...)': 인수 1을(를) 'const char [3]'에서 'char *'(으)로 변환할 수 없습니다.
  c:\users\hyunj\desktop\c++\khj project\soket\chat\s_chat_client\s_client.cpp(76): note: 문자열 리터럴로부터의 변환은 const 한정자가 손실됩니다(/Zc:strictStrings 참조).
c:\users\hyunj\desktop\c++\khj project\soket\chat\s_chat_client\s_client.cpp(91): warning C4267: '=': 'size_t'에서 'WORD'(으)로 변환하면서 데이터가 손실될 수 있습니다.
c:\users\hyunj\desktop\c++\khj project\soket\chat\s_chat_client\s_client.cpp(113): warning C4267: '=': 'size_t'에서 'WORD'(으)로 변환하면서 데이터가 손실될 수 있습니다.
c:\users\hyunj\desktop\c++\khj project\soket\chat\s_chat_client\s_client.cpp(131): warning C4244: '=': 'SOCKET'에서 'int'(으)로 변환하면서 데이터가 손실될 수 있습니다.
c:\users\hyunj\desktop\c++\khj project\soket\chat\s_chat_client\s_client.cpp(159): error C2664: 'void S_DebugString::Print(char *,...)': 인수 1을(를) 'const char [3]'에서 'char *'(으)로 변환할 수 없습니다.
  c:\users\hyunj\desktop\c++\khj project\soket\chat\s_chat_client\s_client.cpp(159): note: 문자열 리터럴로부터의 변환은 const 한정자가 손실됩니다(/Zc:strictStrings 참조).
c:\users\hyunj\desktop\c++\khj project\soket\chat\s_chat_client\s_client.cpp(163): error C2664: 'void S_DebugString::Print(char *,...)': 인수 1을(를) 'const char [3]'에서 'char *'(으)로 변환할 수 없습니다.
  c:\users\hyunj\desktop\c++\khj project\soket\chat\s_chat_client\s_client.cpp(163): note: 문자열 리터럴로부터의 변환은 const 한정자가 손실됩니다(/Zc:strictStrings 참조).
c:\users\hyunj\desktop\c++\khj project\soket\chat\s_chat_client\s_client.cpp(166): error C2664: 'void S_DebugString::Print(char *,...)': 인수 1을(를) 'const char [6]'에서 'char *'(으)로 변환할 수 없습니다.
  c:\users\hyunj\desktop\c++\khj project\soket\chat\s_chat_client\s_client.cpp(166): note: 문자열 리터럴로부터의 변환은 const 한정자가 손실됩니다(/Zc:strictStrings 참조).
c:\users\hyunj\desktop\c++\khj project\soket\chat\s_chat_client\s_client.cpp(177): warning C4305: 'return': 'int'에서 'bool'(으)로 잘립니다.
c:\users\hyunj\desktop\c++\khj project\soket\chat\s_chat_client\s_client.cpp(182): warning C4244: '=': 'uintptr_t'에서 'unsigned long'(으)로 변환하면서 데이터가 손실될 수 있습니다.
c:\users\hyunj\desktop\c++\khj project\soket\chat\s_chat_client\s_client.cpp(183): warning C4244: '=': 'uintptr_t'에서 'unsigned long'(으)로 변환하면서 데이터가 손실될 수 있습니다.
c:\users\hyunj\desktop\c++\khj project\soket\chat\s_chat_client\s_client.cpp(185): warning C4312: '<function-style-cast>': 'unsigned long'에서 더 큰 'HANDLE'(으)로의 변환입니다.
c:\users\hyunj\desktop\c++\khj project\soket\chat\s_chat_client\s_client.cpp(186): warning C4312: '<function-style-cast>': 'unsigned long'에서 더 큰 'HANDLE'(으)로의 변환입니다.
c:\users\hyunj\desktop\c++\khj project\soket\chat\s_chat_client\s_client.cpp(187): warning C4312: '<function-style-cast>': 'unsigned long'에서 더 큰 'HANDLE'(으)로의 변환입니다.
c:\users\hyunj\desktop\c++\khj project\soket\chat\s_chat_client\s_client.cpp(189): warning C4312: '<function-style-cast>': 'unsigned long'에서 더 큰 'HANDLE'(으)로의 변환입니다.
c:\users\hyunj\desktop\c++\khj project\soket\chat\s_chat_client\s_client.cpp(201): error C2664: 'void S_DebugString::Print(char *,...)': 인수 1을(를) 'const char [3]'에서 'char *'(으)로 변환할 수 없습니다.
  c:\users\hyunj\desktop\c++\khj project\soket\chat\s_chat_client\s_client.cpp(201): note: 문자열 리터럴로부터의 변환은 const 한정자가 손실됩니다(/Zc:strictStrings 참조).
c:\users\hyunj\desktop\c++\khj project\soket\chat\s_chat_client\s_client.cpp(212): warning C4312: '형식 캐스트': 'unsigned long'에서 더 큰 'HANDLE'(으)로의 변환입니다.
c:\users\hyunj\desktop\c++\khj project\soket\chat\s_chat_client\s_client.cpp(213): warning C4312: '형식 캐스트': 'unsigned long'에서 더 큰 'HANDLE'(으)로의 변환입니다.
c:\users\hyunj\desktop\c++\khj project\soket\chat\s_chat_client\s_client.cpp(216): warning C4312: '<function-style-cast>': 'unsigned long'에서 더 큰 'HANDLE'(으)로의 변환입니다.
c:\users\hyunj\desktop\c++\khj project\soket\chat\s_chat_client\s_client.cpp(217): warning C4312: '<function-style-cast>': 'unsigned long'에서 더 큰 'HANDLE'(으)로의 변환입니다.
  S_UdpSocket.cpp
c:\users\hyunj\desktop\c++\khj project\soket\chat\s_chat_client\s_udpsocket.cpp(35): warning C4267: 'return': 'size_t'에서 'int'(으)로 변환하면서 데이터가 손실될 수 있습니다.
c:\users\hyunj\desktop\c++\khj project\soket\chat\s_chat_client\s_udpsocket.cpp(59): error C2664: 'void S_DebugString::Print(char *,...)': 인수 1을(를) 'const char [3]'에서 'char *'(으)로 변환할 수 없습니다.
  c:\users\hyunj\desktop\c++\khj project\soket\chat\s_chat_client\s_udpsocket.cpp(59): note: 문자열 리터럴로부터의 변환은 const 한정자가 손실됩니다(/Zc:strictStrings 참조).
c:\users\hyunj\desktop\c++\khj project\soket\chat\s_chat_client\s_udpsocket.cpp(79): warning C4267: '인수': 'size_t'에서 'int'(으)로 변환하면서 데이터가 손실될 수 있습니다.
c:\users\hyunj\desktop\c++\khj project\soket\chat\s_chat_client\s_udpsocket.cpp(88): error C2664: 'void S_DebugString::Print(char *,...)': 인수 1을(를) 'const char [30]'에서 'char *'(으)로 변환할 수 없습니다.
  c:\users\hyunj\desktop\c++\khj project\soket\chat\s_chat_client\s_udpsocket.cpp(89): note: 문자열 리터럴로부터의 변환은 const 한정자가 손실됩니다(/Zc:strictStrings 참조).
  코드를 생성하고 있습니다...
